Build started 24/06/2015 16:58:36.
     1>Project "C:\Users\proman02\.emacs.d\elpa\irony-20150614.1225\server\src\irony-server.vcxproj" on node 2 (Rebuild target(s)).
     1>CustomBuild:
         Building Custom Rule C:/Users/proman02/.emacs.d/elpa/irony-20150614.1225/server/src/CMakeLists.txt
         CMake does not need to re-run because C:\Users\proman02\.emacs.d\elpa\irony-20150614.1225\server\src\CMakeFiles\generate.stamp is up-to-date.
       ClCompile:
         C:\Program Files (x86)\Microsoft Visual Studio 12.0\VC\bin\CL.exe /c /IC:\LLVM\include /I"C:\Users\proman02\.emacs.d\elpa\irony-20150614.1225\server\src" /nologo /W3 /WX- /O2 /Ob2 /Oy- /D WIN32 /D _WINDOWS /D _HAS_EXCEPTIONS=0 /D NDEBUG /D "CMAKE_INTDIR=\"Release\"" /D _MBCS /Gm- /EHsc /MD /GS /fp:precise /Zc:wchar_t /Zc:forScope /GR /Fo"irony-server.dir\Release\\" /Fd"irony-server.dir\Release\vc120.pdb" /Gd /TP /analyze- /errorReport:prompt  /EHs-c- "C:\Users\proman02\.emacs.d\elpa\irony-20150614.1225\server\src\support\CommandLineParser.cpp" "C:\Users\proman02\.emacs.d\elpa\irony-20150614.1225\server\src\support\TemporaryFile.cpp" "C:\Users\proman02\.emacs.d\elpa\irony-20150614.1225\server\src\Command.cpp" "C:\Users\proman02\.emacs.d\elpa\irony-20150614.1225\server\src\Irony.cpp" "C:\Users\proman02\.emacs.d\elpa\irony-20150614.1225\server\src\TUManager.cpp"
     1>cl : Command line warning D9025: overriding '/EHs' with '/EHs-'
     1>cl : Command line warning D9025: overriding '/EHc' with '/EHc-'
         CommandLineParser.cpp
         TemporaryFile.cpp
     1>C:\Users\proman02\.emacs.d\elpa\irony-20150614.1225\server\src\support\TemporaryFile.cpp(22): warning C4996: 'getenv': This function or variable may be unsafe. Consider using _dupenv_s instead. To disable deprecation, use _CRT_SECURE_NO_WARNINGS. See online help for details.
                 C:\Program Files (x86)\Microsoft Visual Studio 12.0\VC\include\stdlib.h(462) : see declaration of 'getenv'
         Command.cpp
         Irony.cpp
         TUManager.cpp
         Generating Code...
         C:\Program Files (x86)\Microsoft Visual Studio 12.0\VC\bin\CL.exe /c /IC:\LLVM\include /I"C:\Users\proman02\.emacs.d\elpa\irony-20150614.1225\server\src" /nologo /W3 /WX- /O2 /Ob2 /Oy- /D "IRONY_PACKAGE_VERSION=\"0.2.0-cvs4\"" /D WIN32 /D _WINDOWS /D _HAS_EXCEPTIONS=0 /D NDEBUG /D "CMAKE_INTDIR=\"Release\"" /D _MBCS /Gm- /EHsc /MD /GS /fp:precise /Zc:wchar_t /Zc:forScope /GR /Fo"irony-server.dir\Release\\" /Fd"irony-server.dir\Release\vc120.pdb" /Gd /TP /analyze- /errorReport:prompt  /EHs-c- "C:\Users\proman02\.emacs.d\elpa\irony-20150614.1225\server\src\main.cpp"
     1>cl : Command line warning D9025: overriding '/EHs' with '/EHs-'
     1>cl : Command line warning D9025: overriding '/EHc' with '/EHc-'
         main.cpp
       Link:
         C:\Program Files (x86)\Microsoft Visual Studio 12.0\VC\bin\link.exe /ERRORREPORT:PROMPT /OUT:"c:\Users\proman02\.emacs.d\elpa\irony-20150614.1225\server\bin\Release\irony-server.exe" /INCREMENTAL:NO /NOLOGO kernel32.lib user32.lib gdi32.lib winspool.lib shell32.lib ole32.lib oleaut32.lib uuid.lib comdlg32.lib advapi32.lib C:\Users\proman02\vimfiles\bin\libclang.lib /MANIFEST /MANIFESTUAC:"level='asInvoker' uiAccess='false'" /manifest:embed /PDB:"c:/Users/proman02/.emacs.d/elpa/irony-20150614.1225/server/bin/Release/irony-server.pdb" /SUBSYSTEM:CONSOLE /TLBID:1 /DYNAMICBASE /NXCOMPAT /IMPLIB:"c:/Users/proman02/.emacs.d/elpa/irony-20150614.1225/server/lib/Release/irony-server.lib" /MACHINE:X86 /SAFESEH  /machine:X86 "irony-server.dir\Release\CommandLineParser.obj"
         "irony-server.dir\Release\TemporaryFile.obj"
         "irony-server.dir\Release\Command.obj"
         "irony-server.dir\Release\Irony.obj"
         "irony-server.dir\Release\TUManager.obj"
         "irony-server.dir\Release\main.obj"
         irony-server.vcxproj -> c:\Users\proman02\.emacs.d\elpa\irony-20150614.1225\server\bin\Release\irony-server.exe
     1>Done Building Project "C:\Users\proman02\.emacs.d\elpa\irony-20150614.1225\server\src\irony-server.vcxproj" (Rebuild target(s)).

Build succeeded.

Time Elapsed 00:00:50.76
